[Message:   BepInEx] BepInEx 5.4.23.3 - valheim (2/2/2026 5:07:03 AM)
[Message:   BepInEx] User is running BepInExPack Valheim version 5.4.2333 from Thunderstore
[Info   :   BepInEx] Running under Unity v6000.0.61.7643309
[Info   :   BepInEx] CLR runtime version: 4.0.30319.42000
[Info   :   BepInEx] Supports SRE: True
[Info   :   BepInEx] System platform: Bits64, Windows
[Message:   BepInEx] Preloader started
[Info   :   BepInEx] Loaded 1 patcher method from [BepInEx.Preloader 5.4.23.3]
[Info   :   BepInEx] 1 patcher plugin loaded
[Info   :   BepInEx] Patching [UnityEngine.CoreModule] with [BepInEx.Chainloader]
[Message:   BepInEx] Preloader finished
[Message:   BepInEx] Chainloader ready
[Message:   BepInEx] Chainloader started
[Info   :   BepInEx] 2 plugins to load
[Info   :   BepInEx] Loading [Jotunn 2.28.0]
[Info   :Jotunn.Main] Initializing ModCompatibility
[Info   :Jotunn.Main] Initializing SynchronizationManager
[Info   :Jotunn.Main] Initializing NetworkManager
[Info   :   BepInEx] Loading [ValheimElytra 1.0.0]
[Info   :ValheimElytra] ValheimElytra 1.0.0 loaded (Harmony patched on Player.CustomFixedUpdate).
[Message:   BepInEx] Chainloader startup complete
[Info   : Unity Log] 04/27/2026 20:43:19: Using environment steamid 892970

[Info   : Unity Log] 04/27/2026 20:43:19: Using steam APPID:892970

[Info   : Unity Log] 04/27/2026 20:43:19: Authentication:k_ESteamNetworkingAvailability_Attempting

[Info   : Unity Log] 04/27/2026 20:43:19: Platform doesn't implement Process Lifetime Management! Don't initialize suspend manager.

[Info   : Unity Log] 04/27/2026 20:43:19: Initialized platform!

[Info   : Unity Log] 04/27/2026 20:43:19: Platform doesn't implement matchmaking! Don't initialize matchmaking manager.

[Info   : Unity Log] 04/27/2026 20:43:19: All files in local storage save data:
C:/Users/Camer/AppData/LocalLow/IronGate/Valheim\adminlist.txt (40)
C:/Users/Camer/AppData/LocalLow/IronGate/Valheim\bannedlist.txt (41)
C:/Users/Camer/AppData/LocalLow/IronGate/Valheim\permittedlist.txt (43)
C:/Users/Camer/AppData/LocalLow/IronGate/Valheim\Player-prev.log (16572)
C:/Users/Camer/AppData/LocalLow/IronGate/Valheim\Player.log (2993)
C:/Users/Camer/AppData/LocalLow/IronGate/Valheim\worlds.zip (160189399)
C:/Users/Camer/AppData/LocalLow/IronGate/Valheim\worlds_local.zip (199098629)

[Info   : Unity Log] 04/27/2026 20:43:19: All files in platform save data:
characters/casper.fch.old (66526)
worlds/Minecraft_backup_auto-20260118172137.fwl (50)
worlds/Minecraft_backup_auto-20260118172137.db (27625695)
worlds/Minecraft_backup_auto-20260118195124.fwl (50)
worlds/Minecraft_backup_auto-20260118195124.db (29234813)
worlds/Minecraft_backup_auto-20260125164500.fwl (50)
worlds/Minecraft_backup_auto-20260125164500.db (29487487)
worlds/Minecraft_backup_restore-20260125-171225.fwl (50)
worlds/Minecraft_backup_restore-20260125-171225.db (29488651)
serverlist/recent (169)
serverlist/recent.old (169)
characters/casper.fch (66526)
characters/cartograhper.fch (12549)
characters/cartograhper_backup_auto-20260325215623.fch (795)
worlds/Cartographic.fwl (53)
worlds/Cartographic_backup_auto-20260325215642.fwl (53)
characters/cartograhper.fch.old (12549)
worlds/Cartographic.db (4417991)
characters/casper_backup_auto-20260405141615.fch (58954)
characters/casper_backup_auto-20260405162854.fch (59932)
characters/casper_backup_auto-20260419142923.fch (60451)
characters/casper_backup_auto-20260419185047.fch (66526)
characters/casper_backup_auto-20251102154751.fch (800)
worlds/Minecraft_backup_auto-20251102154912.fwl (50)
worlds/Minecraft_backup_auto-20251102200925.db (4711926)
worlds/Minecraft_backup_auto-20251102200925.fwl (50)

[Info   : Unity Log] 04/27/2026 20:43:19: Initializing preferences provider...

[Info   : Unity Log] 04/27/2026 20:43:19: No preference provider available for this platform!

[Info   : Unity Log] 04/27/2026 20:43:19: Set background loading budget to Low

[Info   : Unity Log] 04/27/2026 20:43:19: Loading first scene!

[Info   : Unity Log] 04/27/2026 20:43:19: Preferences initialized! Activating first scene!

[Info   : Unity Log] 04/27/2026 20:43:20: 

[Info   : Unity Log] 04/27/2026 20:43:20: Starting to load scene:start.unity (169d7618616154c03be07e9ad3af5893)

[Info   : Unity Log] 04/27/2026 20:43:20: Set background loading budget to Normal

[Info   : Unity Log] 04/27/2026 20:43:20: Loaded localization file #0 - 'localization' language: 'English'

[Info   : Unity Log] 04/27/2026 20:43:20: Loaded localization file #1 - 'localization_extra' language: 'English'

[Info   : Unity Log] 04/27/2026 20:43:20: Loaded localization file #2 - 'heightmap_message' language: 'English'

[Info   : Unity Log] 04/27/2026 20:43:20: Loaded localization file #3 - 'localization_witch' language: 'English'

[Info   : Unity Log] 04/27/2026 20:43:20: Loaded localization file #4 - 'localization_ashlands' language: 'English'

[Info   : Unity Log] 04/27/2026 20:43:20: Loaded localization file #5 - 'localization_captions' language: 'English'

[Info   : Unity Log] 04/27/2026 20:43:20: Loaded localization file #6 - 'localization_combatupdate' language: 'English'

[Info   : Unity Log] 04/27/2026 20:43:20: Loaded localization file #7 - 'localization_celebrationupdate' language: 'English'

[Info   : Unity Log] 04/27/2026 20:43:20: Loaded localization file #0 - 'localization' language: 'English'

[Info   : Unity Log] 04/27/2026 20:43:20: Loaded localization file #1 - 'localization_extra' language: 'English'

[Info   : Unity Log] 04/27/2026 20:43:20: Loaded localization file #2 - 'heightmap_message' language: 'English'

[Info   : Unity Log] 04/27/2026 20:43:20: Loaded localization file #3 - 'localization_witch' language: 'English'

[Info   : Unity Log] 04/27/2026 20:43:20: Loaded localization file #4 - 'localization_ashlands' language: 'English'

[Info   : Unity Log] 04/27/2026 20:43:20: Loaded localization file #5 - 'localization_captions' language: 'English'

[Info   : Unity Log] 04/27/2026 20:43:20: Loaded localization file #6 - 'localization_combatupdate' language: 'English'

[Info   : Unity Log] 04/27/2026 20:43:20: Loaded localization file #7 - 'localization_celebrationupdate' language: 'English'

[Info   : Unity Log] 04/27/2026 20:43:24: Set background loading budget to High

[Info   : Unity Log] 04/27/2026 20:43:24: GPU Device: 10DE:2704 (NVIDIA)

[Info   : Unity Log] 04/27/2026 20:43:24: Set background loading budget to Low

[Warning: Unity Log] Only custom filters can be played. Please add a custom filter or an audioclip to the audiosource (Amb_MainMenu).
[Warning: Unity Log] 04/27/2026 20:43:24: Missing audio clip in music respawn

[Info   : Unity Log] 04/27/2026 20:43:24: Steam initialized, persona:CasperClarke

[Info   : Unity Log] 04/27/2026 20:43:24: Valheim version: 0.221.12 (network version 36)

[Info   : Unity Log] 04/27/2026 20:43:24: Worldgenerator version setup:2

[Info   : Unity Log] 04/27/2026 20:43:24: Render threading mode:LegacyJobified

[Info   : Unity Log] 04/27/2026 20:43:24: Checking for installed DLCs

[Info   : Unity Log] 04/27/2026 20:43:24: DLC:beta installed:False

[Info   : Unity Log] 04/27/2026 20:43:24: Sending PlayFab login request (attempt 1)

[Info   : Unity Log] 04/27/2026 20:43:24: Starting music menu

[Info   : Unity Log] 04/27/2026 20:43:25: Session auth respons callback

[Info   : Unity Log] 04/27/2026 20:43:25: Logged in PlayFab user via Steam auth session ticket

[Info   : Unity Log] 04/27/2026 20:43:25: PlayFab local entity ID is 5F54C153971BC3F6

[Info   : Unity Log] 04/27/2026 20:43:25: Released session ticket

[Info   : Unity Log] 04/27/2026 20:43:27: show character selection

[Info   : Unity Log] 04/27/2026 20:43:28: OnCharacterStart

[Info   : Unity Log] 04/27/2026 20:43:31: Loading main scene

[Info   : Unity Log] 04/27/2026 20:43:31: Audioman already exist, destroying self

[Info   : Unity Log] 04/27/2026 20:43:31: Steam initialized, persona:CasperClarke

[Info   : Unity Log] 04/27/2026 20:43:31: Loading player profile cartograhper

[Info   : Unity Log] 04/27/2026 20:43:31: isModded: True

[Info   : Unity Log] 04/27/2026 20:43:31: Zonesystem Awake 762

[Info   : Unity Log] 04/27/2026 20:43:31: DungeonDB Awake 762

[Info   : Unity Log] 04/27/2026 20:43:31: Steam initialized, persona:CasperClarke

[Info   : Unity Log] 04/27/2026 20:43:31: Worldgenerator version setup:2

[Info   : Unity Log] 04/27/2026 20:43:33: Checking for installed DLCs

[Info   : Unity Log] 04/27/2026 20:43:33: DLC:beta installed:False

[Info   :Jotunn.Managers.NetworkManager] Registering 2 custom RPCs
[Info   : Unity Log] 04/27/2026 20:43:33: Zonesystem Start 762

[Info   : Unity Log] 04/27/2026 20:43:33: Added 3 locations, 0 vegetations, 0 environments, 0 biome env-setups, 0 clutter  from main

[Info   : Unity Log] 04/27/2026 20:43:33: Added 1 locations, 0 vegetations, 2 environments, 0 biome env-setups, 0 clutter  from main

[Info   : Unity Log] 04/27/2026 20:43:33: Added 27 locations, 25 vegetations, 5 environments, 1 biome env-setups, 3 clutter  from main

[Info   : Unity Log] 04/27/2026 20:43:33: Added 4 locations, 0 vegetations, 1 environments, 0 biome env-setups, 0 clutter  from main

[Info   : Unity Log] 04/27/2026 20:43:33: Added 25 locations, 33 vegetations, 8 environments, 2 biome env-setups, 2 clutter  from main

[Info   : Unity Log] 04/27/2026 20:43:33: DungeonDB Start 762

[Info   : Unity Log] 04/27/2026 20:43:33: ZRpc timeout set to 30s 

[Info   : Unity Log] 04/27/2026 20:43:33: ZNET START

[Info   : Unity Log] 04/27/2026 20:43:33: Load world: Cartographic (Cartographic)

[Info   : Unity Log] 04/27/2026 20:43:33: Loading 97330 zdos, my sessionID: 2923096783, data version: 37

[Info   : Unity Log] 04/27/2026 20:43:33: Loading in ZDOs

[Info   : Unity Log] 04/27/2026 20:43:33: Adding to Dictionary

[Info   : Unity Log] 04/27/2026 20:43:33: Adding to Sectors

[Info   : Unity Log] 04/27/2026 20:43:33: Connecting Portals, Spawners & ZSyncTransforms

[Info   : Unity Log] ConnectPortals => Connected 1 portals.
[Info   : Unity Log] ConnectSpawners => Connected 4 spawners and 4 'done' spawners.
[Info   : Unity Log] 04/27/2026 20:43:33: Loaded 11278 locations

[Info   : Unity Log] 04/27/2026 20:43:33: Unloading unused assets

[Info   : Unity Log] 04/27/2026 20:43:33: Loading minimap textures done [224ms]

[Info   : Unity Log] 04/27/2026 20:43:34: Minimap: unpacking compressed mapData 8759 => 8388697 bytes

[Info   : Unity Log] 04/27/2026 20:43:34: Starting respawn

[Info   : Unity Log] 04/27/2026 20:43:34: tip:$loadscreen_tip02

[Info   : Unity Log] 04/27/2026 20:43:42: Spawned after 8.019993

[Warning: Unity Log] 04/27/2026 20:43:42: Character ID for player ([Cartograhper, 0:0], [CasperClarke, 0:0], CasperClarke) was 0:0. Skipping.

[Info   : Unity Log] 04/27/2026 20:43:42: Skipping unloading unused assets

[Info   : Unity Log] 04/27/2026 20:43:42: Minimap: Adding unique location (4.54, 34.06, -0.29)

[Info   : Unity Log] 04/27/2026 20:43:44: Starting music meadows

[Info   : Unity Log] 04/27/2026 20:43:44: Resumed music meadows at 0

[Info   : Unity Log] 04/27/2026 20:44:01: Setting selected recipe 0

[Info   : Unity Log] 04/27/2026 20:44:21: Activating default element Continue

[Info   : Unity Log] 04/27/2026 20:44:23: Activating default element Continue

[Info   : Unity Log] 04/27/2026 20:44:23: Available space to current user: 1823893164032. Saving is blocked if below: 8861080 bytes. Warnings are given if below: 17722160

[Info   : Unity Log] 04/27/2026 20:44:24: Minimap: compressed mapData 8388697 => 8759 bytes

[Info   : Unity Log] 04/27/2026 20:44:24: Cloud Save: 12549 bytes. /characters/cartograhper.fch.new

[Info   : Unity Log] Steam writing file chunks 1 / 1, (12549 bytes)
[Info   : Unity Log] Steam writing file chunks 1 / 1, (12549 bytes)
[Info   : Unity Log] Steam writing file chunks 1 / 1, (12549 bytes)
[Info   : Unity Log] 04/27/2026 20:44:24: Considering autobackup. World time: 48.45998, short time: 7200, long time: 43200, backup count: 4

[Info   : Unity Log] 04/27/2026 20:44:24: Skipping backup. World session not long enough.

[Info   : Unity Log] 04/27/2026 20:44:24: Activating default element Continue

[Info   : Unity Log] 04/27/2026 20:44:24: PrepareSave: clone done in 21ms

[Info   : Unity Log] 04/27/2026 20:44:24: PrepareSave: ZDOExtraData.PrepareSave done in 22 ms

[Info   : Unity Log] 04/27/2026 20:44:26: Available space to current user: 1823893225472. Saving is blocked if below: 8861232 bytes. Warnings are given if below: 17722464

[Info   : Unity Log] 04/27/2026 20:44:26: Game - OnApplicationQuit

[Info   : Unity Log] 04/27/2026 20:44:26: Available space to current user: 1823893225472. Saving is blocked if below: 8861232 bytes. Warnings are given if below: 17722464

[Info   : Unity Log] 04/27/2026 20:44:26: Shutting down

[Info   : Unity Log] 04/27/2026 20:44:26: Minimap: compressed mapData 8388697 => 8759 bytes

[Info   : Unity Log] 04/27/2026 20:44:26: Cloud Save: 12549 bytes. /characters/cartograhper.fch.new

[Info   : Unity Log] Steam writing file chunks 1 / 1, (12549 bytes)
[Info   : Unity Log] Steam writing file chunks 1 / 1, (12549 bytes)
[Info   : Unity Log] Steam writing file chunks 1 / 1, (12549 bytes)
[Info   : Unity Log] 04/27/2026 20:44:26: Considering autobackup. World time: 48.45998, short time: 7200, long time: 43200, backup count: 4

[Info   : Unity Log] 04/27/2026 20:44:26: Skipping backup. World session not long enough.

[Info   : Unity Log] 04/27/2026 20:44:26: ZNet Shutdown

[Info   : Unity Log] 04/27/2026 20:44:26: PrepareSave: clone done in 6ms

[Info   : Unity Log] 04/27/2026 20:44:26: PrepareSave: ZDOExtraData.PrepareSave done in 6 ms

[Info   : Unity Log] 04/27/2026 20:44:26: Unloading unused assets

[Info   : Unity Log] 04/27/2026 20:44:26: Sending disconnect msg

[Info   : Unity Log] ZPlayFabMatchmaking::UnregisterServer - unregistering server now. State: Uninitialized
[Info   : Unity Log] 04/27/2026 20:44:26: Stopping build thread

[Info   : Unity Log] 04/27/2026 20:44:29: ZNet OnDestroy

[Info   : Unity Log] 04/27/2026 20:44:29: Net scene destroyed

[Warning: Unity Log] 04/27/2026 20:44:29: Local player destroyed

[Info   : Unity Log] 04/27/2026 20:44:29: Steam manager on destroy

